
===========================================================================
Model "PCBModel" exists. Name "PCBModel_1_2" used instead.
===========================================================================

===========================================================================
Model "COMPOUND-149" exists. Name "COMPOUND-149_1_2" used instead.
===========================================================================

===========================================================================
Model "C1" exists. Name "C1_1_2" used instead.
===========================================================================

===========================================================================
Model "C0805" exists. Name "C0805_1_2" used instead.
===========================================================================

===========================================================================
Model "SOLID-5477" exists. Name "SOLID-5477_1_2" used instead.
===========================================================================

===========================================================================
Model "C2" exists. Name "C2_1_2" used instead.
===========================================================================

===========================================================================
Model "C4" exists. Name "C4_1_2" used instead.
===========================================================================

===========================================================================
Model "C6" exists. Name "C6_1_2" used instead.
===========================================================================

===========================================================================
Model "C7" exists. Name "C7_1_2" used instead.
===========================================================================

===========================================================================
Model "C8" exists. Name "C8_1_2" used instead.
===========================================================================

===========================================================================
Model "C9" exists. Name "C9_1_2" used instead.
===========================================================================

===========================================================================
Model "C3" exists. Name "C3_1_2" used instead.
===========================================================================

===========================================================================
Model "C5" exists. Name "C5_1_2" used instead.
===========================================================================

===========================================================================
Model "L1" exists. Name "L1_1_2" used instead.
===========================================================================

===========================================================================
Model "L0805" exists. Name "L0805_1_2" used instead.
===========================================================================

===========================================================================
Model "COMPOUND-10787" exists. Name "COMPOUND-10787_1_2_3_4" used instead.
===========================================================================

===========================================================================
Model "R1" exists. Name "R1_1_2" used instead.
===========================================================================

===========================================================================
Model "R2" exists. Name "R2_1_2" used instead.
===========================================================================

===========================================================================
Model "R3" exists. Name "R3_1_2" used instead.
===========================================================================

===========================================================================
Model "R4" exists. Name "R4_1_2" used instead.
===========================================================================

===========================================================================
Model "R5" exists. Name "R5_1_2" used instead.
===========================================================================

===========================================================================
Model "R6" exists. Name "R6_1_2" used instead.
===========================================================================

===========================================================================
Model "R7" exists. Name "R7_1_2" used instead.
===========================================================================

===========================================================================
Model "R8" exists. Name "R8_1_2" used instead.
===========================================================================

===========================================================================
Model "R9" exists. Name "R9_1_2" used instead.
===========================================================================

===========================================================================
Model "R10" exists. Name "R10_1_2" used instead.
===========================================================================

===========================================================================
Model "R11" exists. Name "R11_1_2" used instead.
===========================================================================

===========================================================================
Model "R12" exists. Name "R12_1_2" used instead.
===========================================================================

===========================================================================
Model "U1" exists. Name "U1_1_2" used instead.
===========================================================================

===========================================================================
Model "WIFIM-TH_8P-L24_7-W14_4-P2_54" exists. Name "WIFIM-TH_8P-L24_7-W14_4-P2_54_2" used instead.
===========================================================================

===========================================================================
Model "SOLID-15012" exists. Name "SOLID-15012_1_2" used instead.
===========================================================================

===========================================================================
Model "USB1" exists. Name "USB1_1_2" used instead.
===========================================================================

===========================================================================
Model "USB-C-SMD_KH-TYPE-C-16P" exists. Name "USB-C-SMD_KH-TYPE-C-16P_1_2" used instead.
===========================================================================

===========================================================================
Model "SOLID-20083" exists. Name "SOLID-20083_1_2" used instead.
===========================================================================

===========================================================================
Model "SW1" exists. Name "SW1_1_2" used instead.
===========================================================================

===========================================================================
Model "SW-TH_SK12D07VG6" exists. Name "SW-TH_SK12D07VG6_1_2" used instead.
===========================================================================

===========================================================================
Model "___0_1_1_37_" exists. Name "___0_1_1_37__1_2" used instead.
===========================================================================

===========================================================================
Model "___0_1_1_39_" exists. Name "___0_1_1_39__1_2" used instead.
===========================================================================

===========================================================================
Model "U3" exists. Name "U3_1_2" used instead.
===========================================================================

===========================================================================
Model "QFN-10_L3_0-W3_0-P0_50-LS3_0-BL-EP" exists. Name "QFN-10_L3_0-W3_0-P0_50-LS3_0-_2" used instead.
===========================================================================

===========================================================================
Model "___0_1_1_43_" exists. Name "___0_1_1_43__1_2" used instead.
===========================================================================

===========================================================================
Model "___0_1_1_45_" exists. Name "___0_1_1_45__1_2" used instead.
===========================================================================

===========================================================================
Model "U2" exists. Name "U2_1_2" used instead.
===========================================================================

===========================================================================
Model "SOP-16_L10_0-W3_9-P1_27-LS6_0-BL" exists. Name "SOP-16_L10_0-W3_9-P1_27-LS6_0_2" used instead.
===========================================================================

===========================================================================
Model "COMPOUND-52807" exists. Name "COMPOUND-52807_1_2_3_4" used instead.
===========================================================================

===========================================================================
Model "Q1" exists. Name "Q1_1_2" used instead.
===========================================================================

===========================================================================
Model "SOT-23-3_L2_9-W1_3-P1_90-LS2_4-BR" exists. Name "SOT-23-3_L2_9-W1_3-P1_90-LS2__2" used instead.
===========================================================================

===========================================================================
Model "COMPOUND-82220" exists. Name "COMPOUND-82220_1_2_3_4" used instead.
===========================================================================

===========================================================================
Model "Q2" exists. Name "Q2_1_2" used instead.
===========================================================================

===========================================================================
Model "U4" exists. Name "U4_1_2" used instead.
===========================================================================

===========================================================================
Model "SOT-23-5_L3_0-W1_7-P0_95-LS2_8-TL" exists. Name "SOT-23-5_L3_0-W1_7-P0_95-LS2__2" used instead.
===========================================================================

===========================================================================
Model "___0_1_1_65_" exists. Name "___0_1_1_65__1_2" used instead.
===========================================================================

===========================================================================
Model "M1" exists. Name "M1_1_2" used instead.
===========================================================================

===========================================================================
Model "OLED-0_96-12864-IIC_4PIN" exists. Name "OLED-0_96-12864-IIC_4PIN_1_2" used instead.
===========================================================================

===========================================================================
Model "___0_1_1_69_" exists. Name "___0_1_1_69__1_2_3_4" used instead.
===========================================================================

===========================================================================
Model "___0_1_1_71_" exists. Name "___0_1_1_71__1_2_3_4" used instead.
===========================================================================
